Performing C SOURCE FILE Test CMAKE_HAVE_LIBC_PTHREAD failed with the following output:
Change Dir: /home/mint/Desktop/RoboticsVision/CMakeFiles/CMakeTmp

Run Build Command(s):/usr/bin/make cmTC_2e941/fast && /usr/bin/make  -f CMakeFiles/cmTC_2e941.dir/build.make CMakeFiles/cmTC_2e941.dir/build
make[1]: Entering directory '/home/mint/Desktop/RoboticsVision/CMakeFiles/CMakeTmp'
Building C object CMakeFiles/cmTC_2e941.dir/src.c.o
/usr/bin/cc   -DCMAKE_HAVE_LIBC_PTHREAD -o CMakeFiles/cmTC_2e941.dir/src.c.o -c /home/mint/Desktop/RoboticsVision/CMakeFiles/CMakeTmp/src.c
Linking C executable cmTC_2e941
/usr/local/bin/cmake -E cmake_link_script CMakeFiles/cmTC_2e941.dir/link.txt --verbose=1
/usr/bin/cc  -DCMAKE_HAVE_LIBC_PTHREAD -rdynamic CMakeFiles/cmTC_2e941.dir/src.c.o -o cmTC_2e941 
CMakeFiles/cmTC_2e941.dir/src.c.o: In function `main':
src.c:(.text+0x3e): undefined reference to `pthread_create'
src.c:(.text+0x4a): undefined reference to `pthread_detach'
src.c:(.text+0x56): undefined reference to `pthread_cancel'
src.c:(.text+0x67): undefined reference to `pthread_join'
src.c:(.text+0x7b): undefined reference to `pthread_atfork'
collect2: error: ld returned 1 exit status
CMakeFiles/cmTC_2e941.dir/build.make:105: recipe for target 'cmTC_2e941' failed
make[1]: *** [cmTC_2e941] Error 1
make[1]: Leaving directory '/home/mint/Desktop/RoboticsVision/CMakeFiles/CMakeTmp'
Makefile:140: recipe for target 'cmTC_2e941/fast' failed
make: *** [cmTC_2e941/fast] Error 2


Source file was:
#include <pthread.h>

void* test_func(void* data)
{
  return data;
}

int main(void)
{
  pthread_t thread;
  pthread_create(&thread, NULL, test_func, NULL);
  pthread_detach(thread);
  pthread_cancel(thread);
  pthread_join(thread, NULL);
  pthread_atfork(NULL, NULL, NULL);
  pthread_exit(NULL);

  return 0;
}

Determining if the function pthread_create exists in the pthreads failed with the following output:
Change Dir: /home/mint/Desktop/RoboticsVision/CMakeFiles/CMakeTmp

Run Build Command(s):/usr/bin/make cmTC_99bac/fast && /usr/bin/make  -f CMakeFiles/cmTC_99bac.dir/build.make CMakeFiles/cmTC_99bac.dir/build
make[1]: Entering directory '/home/mint/Desktop/RoboticsVision/CMakeFiles/CMakeTmp'
Building C object CMakeFiles/cmTC_99bac.dir/CheckFunctionExists.c.o
/usr/bin/cc   -DCHECK_FUNCTION_EXISTS=pthread_create -o CMakeFiles/cmTC_99bac.dir/CheckFunctionExists.c.o -c /usr/local/share/cmake-3.18/Modules/CheckFunctionExists.c
Linking C executable cmTC_99bac
/usr/local/bin/cmake -E cmake_link_script CMakeFiles/cmTC_99bac.dir/link.txt --verbose=1
/usr/bin/cc  -DCHECK_FUNCTION_EXISTS=pthread_create -rdynamic CMakeFiles/cmTC_99bac.dir/CheckFunctionExists.c.o -o cmTC_99bac  -lpthreads 
/usr/bin/ld: cannot find -lpthreads
collect2: error: ld returned 1 exit status
CMakeFiles/cmTC_99bac.dir/build.make:105: recipe for target 'cmTC_99bac' failed
make[1]: *** [cmTC_99bac] Error 1
make[1]: Leaving directory '/home/mint/Desktop/RoboticsVision/CMakeFiles/CMakeTmp'
Makefile:140: recipe for target 'cmTC_99bac/fast' failed
make: *** [cmTC_99bac/fast] Error 2



